d:\documents\github\qimageviewer\x64\release\qabout.obj
d:\documents\github\qimageviewer\x64\release\s_setting.obj
d:\documents\github\qimageviewer\x64\release\moc_qimageviewer.obj
d:\documents\github\qimageviewer\x64\release\qimageviewer.obj
d:\documents\github\qimageviewer\x64\release\moc_mainwindow.obj
d:\documents\github\qimageviewer\x64\release\qrc_images.obj
d:\documents\github\qimageviewer\x64\release\mainwindow.obj
d:\documents\github\qimageviewer\x64\release\moc_qabout.obj
d:\documents\github\qimageviewer\x64\release\moc_serial.obj
d:\documents\github\qimageviewer\x64\release\main.obj
d:\documents\github\qimageviewer\x64\release\serial.obj
d:\documents\github\qimageviewer\x64\release\moc_s_setting.obj
d:\documents\github\qimageviewer\x64\release\vc141.pdb
d:\documents\github\qimageviewer\x64\release\qimageviewer.exe
d:\documents\github\qimageviewer\generatedfiles\release\moc_mainwindow.cpp
d:\documents\github\qimageviewer\generatedfiles\release\moc_qabout.cpp
d:\documents\github\qimageviewer\generatedfiles\release\moc_qimageviewer.cpp
d:\documents\github\qimageviewer\generatedfiles\release\moc_s_setting.cpp
d:\documents\github\qimageviewer\generatedfiles\release\moc_serial.cpp
d:\documents\github\qimageviewer\generatedfiles\qrc_images.cpp
d:\documents\github\qimageviewer\x64\release\qimageviewer.tlog\cl.command.1.tlog
d:\documents\github\qimageviewer\x64\release\qimageviewer.tlog\cl.read.1.tlog
d:\documents\github\qimageviewer\x64\release\qimageviewer.tlog\cl.write.1.tlog
d:\documents\github\qimageviewer\x64\release\qimageviewer.tlog\link.command.1.tlog
d:\documents\github\qimageviewer\x64\release\qimageviewer.tlog\link.read.1.tlog
d:\documents\github\qimageviewer\x64\release\qimageviewer.tlog\link.write.1.tlog
d:\documents\github\qimageviewer\x64\release\qimageviewer.tlog\qimageviewer.write.1u.tlog
