d:\documents\github\qimageviewer\x64\debug\qabout.obj
d:\documents\github\qimageviewer\x64\debug\s_setting.obj
d:\documents\github\qimageviewer\x64\debug\moc_s_setting.obj
d:\documents\github\qimageviewer\x64\debug\main.obj
d:\documents\github\qimageviewer\x64\debug\serial.obj
d:\documents\github\qimageviewer\x64\debug\moc_qimageviewer.obj
d:\documents\github\qimageviewer\x64\debug\mainwindow.obj
d:\documents\github\qimageviewer\x64\debug\moc_mainwindow.obj
d:\documents\github\qimageviewer\x64\debug\qrc_images.obj
d:\documents\github\qimageviewer\x64\debug\qimageviewer.obj
d:\documents\github\qimageviewer\x64\debug\moc_qabout.obj
d:\documents\github\qimageviewer\x64\debug\moc_serial.obj
d:\documents\github\qimageviewer\x64\debug\vc141.pdb
d:\documents\github\qimageviewer\x64\debug\qimageviewer.exe
d:\documents\github\qimageviewer\x64\debug\qimageviewer.ilk
d:\documents\github\qimageviewer\x64\debug\qimageviewer.pdb
d:\documents\github\qimageviewer\generatedfiles\debug\moc_mainwindow.cpp
d:\documents\github\qimageviewer\generatedfiles\debug\moc_qabout.cpp
d:\documents\github\qimageviewer\generatedfiles\debug\moc_qimageviewer.cpp
d:\documents\github\qimageviewer\generatedfiles\debug\moc_s_setting.cpp
d:\documents\github\qimageviewer\generatedfiles\debug\moc_serial.cpp
d:\documents\github\qimageviewer\generatedfiles\qrc_images.cpp
d:\documents\github\qimageviewer\x64\debug\qimageviewer.tlog\cl.command.1.tlog
d:\documents\github\qimageviewer\x64\debug\qimageviewer.tlog\cl.read.1.tlog
d:\documents\github\qimageviewer\x64\debug\qimageviewer.tlog\cl.write.1.tlog
d:\documents\github\qimageviewer\x64\debug\qimageviewer.tlog\link.command.1.tlog
d:\documents\github\qimageviewer\x64\debug\qimageviewer.tlog\link.read.1.tlog
d:\documents\github\qimageviewer\x64\debug\qimageviewer.tlog\link.write.1.tlog
d:\documents\github\qimageviewer\x64\debug\qimageviewer.tlog\qimageviewer.write.1u.tlog
